08-05-2024 12:37:05DataBase Connection Established successfully
08-05-2024 12:37:05*** BOT IS ACTIVATED ***
08-05-2024 12:37:05 Started Processing... 
08-05-2024 12:37:06 picked up data file: PREPOD_Fire_Data.xlsx
08-05-2024 12:37:06 Picked up Action JSON of Project: FIRE
08-05-2024 12:37:08 Sheet name: TestData
08-05-2024 12:37:08 picked up row: 1
08-05-2024 12:37:08 Assigning Driver: Chrome Driver
08-05-2024 12:37:11Executing Action: 1 URL: Went to URL

08-05-2024 12:37:17Executing Action: 2 Select: User Type Selected

08-05-2024 12:37:18Executing Action: 3 Click: Dropdown button clicked

08-05-2024 12:37:20Executing Action: 4 Dropdown: User sub-type selected

08-05-2024 12:37:21Executing Action: 5 Text: User Id entered

08-05-2024 12:37:22Executing Action: 6 Text: Password Entered

08-05-2024 12:37:23Executing Action: 7 Click: Login Button Clicked

08-05-2024 12:37:25Executing Action: 8 Forceclick: Close button clicked

08-05-2024 12:37:41OpenQA.Selenium.NoSuchElementException: no such element: Unable to locate element: {"method":"xpath","selector":"//span[contains(text(),'Close')]"}
  (Session info: chrome=124.0.6367.119); For documentation on this error, please visit: https://www.selenium.dev/documentation/webdriver/troubleshooting/errors#no-such-element-exception
   at OpenQA.Selenium.WebDriver.UnpackAndThrowOnError(Response errorResponse, String commandToExecute)
   at OpenQA.Selenium.WebDriver.Execute(String driverCommandToExecute, Dictionary`2 parameters)
   at OpenQA.Selenium.WebDriver.FindElement(String mechanism, String value)
   at OpenQA.Selenium.By.<.ctor>b__11_0(ISearchContext context)
   at OpenQA.Selenium.By.FindElement(ISearchContext context)
   at OpenQA.Selenium.WebDriver.FindElement(By by)
   at TestAutomationSuite.Utility.ActionHelper.ActionForceClick(String searchBy, IWebDriver driver, String elementValue, String& exception) in C:\Users\sumit\OneDrive\Desktop\rpa\TestAuto\TestAutomationSuite\Utility\ActionHelper.cs:line 183
08-05-2024 12:37:41Action Skipped
08-05-2024 12:37:42Executing Action: 9 Click: Create Quote Button Clicked

08-05-2024 12:37:57OpenQA.Selenium.NoSuchElementException: no such element: Unable to locate element: {"method":"css selector","selector":"#QuoteKanban_CreateTask"}
  (Session info: chrome=124.0.6367.119); For documentation on this error, please visit: https://www.selenium.dev/documentation/webdriver/troubleshooting/errors#no-such-element-exception
   at OpenQA.Selenium.WebDriver.UnpackAndThrowOnError(Response errorResponse, String commandToExecute)
   at OpenQA.Selenium.WebDriver.Execute(String driverCommandToExecute, Dictionary`2 parameters)
   at OpenQA.Selenium.WebDriver.FindElement(String mechanism, String value)
   at OpenQA.Selenium.By.<.ctor>b__11_0(ISearchContext context)
   at OpenQA.Selenium.By.FindElement(ISearchContext context)
   at OpenQA.Selenium.WebDriver.FindElement(By by)
   at TestAutomationSuite.Utility.ActionHelper.ActionClick(String searchBy, IWebDriver driver, String elementValue, String& exception) in C:\Users\sumit\OneDrive\Desktop\rpa\TestAuto\TestAutomationSuite\Utility\ActionHelper.cs:line 282
08-05-2024 12:37:59OpenQA.Selenium.NoSuchWindowException: no such window: target window already closed
from unknown error: web view not found
  (Session info: chrome=124.0.6367.119)
   at OpenQA.Selenium.WebDriver.UnpackAndThrowOnError(Response errorResponse, String commandToExecute)
   at OpenQA.Selenium.WebDriver.Execute(String driverCommandToExecute, Dictionary`2 parameters)
   at OpenQA.Selenium.WebDriver.FindElement(String mechanism, String value)
   at OpenQA.Selenium.By.<.ctor>b__11_0(ISearchContext context)
   at OpenQA.Selenium.By.FindElement(ISearchContext context)
   at OpenQA.Selenium.WebDriver.FindElement(By by)
   at TestAutomationSuite.Utility.ActionHelper.IsElementPresent(IWebDriver driver, By locator) in C:\Users\sumit\OneDrive\Desktop\rpa\TestAuto\TestAutomationSuite\Utility\ActionHelper.cs:line 1731
   at TestAutomationSuite.Utility.ActionHelper.AlertLog(IWebDriver driver, By modalLocator, String xlInputFilePath, String destinationFile, Int32 indexRow, String xlInputSheetName, String errorColumn) in C:\Users\sumit\OneDrive\Desktop\rpa\TestAuto\TestAutomationSuite\Utility\ActionHelper.cs:line 1749
   at Program.<>c__DisplayClass0_0.<<Main>$>g__ActionExecution|6(ExcelHelper excelHelper, JToken item, List`1 actionsLst, DataTable dtData, Object inputData, String startstage, Int32 indexRow, FileModels fileInfo, RecordModel recordModel, RecordModel recordInfo, String& exception) in C:\Users\sumit\OneDrive\Desktop\rpa\TestAuto\TestAutomationSuite\Program.cs:line 854
08-05-2024 12:38:16DataBase Connection Established successfully
08-05-2024 12:38:16*** BOT IS ACTIVATED ***
08-05-2024 12:38:16 Started Processing... 
08-05-2024 12:38:16 picked up data file: PREPOD_Fire_Data.xlsx
08-05-2024 12:38:16 Picked up Action JSON of Project: FIRE
08-05-2024 12:38:17 Sheet name: TestData
08-05-2024 12:38:17 picked up row: 1
08-05-2024 12:38:17 Assigning Driver: Chrome Driver
08-05-2024 12:38:18Executing Action: 1 URL: Went to URL

08-05-2024 12:38:24Executing Action: 2 Select: User Type Selected

08-05-2024 12:38:25Executing Action: 3 Click: Dropdown button clicked

08-05-2024 12:38:27Executing Action: 4 Dropdown: User sub-type selected

08-05-2024 12:38:28Executing Action: 5 Text: User Id entered

08-05-2024 12:38:29Executing Action: 6 Text: Password Entered

08-05-2024 12:38:31Executing Action: 7 Click: Login Button Clicked

08-05-2024 12:38:33Executing Action: 8 Forceclick: Close button clicked

08-05-2024 12:38:47Executing Action: 9 Click: Create Quote Button Clicked

08-05-2024 12:39:02OpenQA.Selenium.NoSuchElementException: no such element: Unable to locate element: {"method":"css selector","selector":"#QuoteKanban_CreateTask"}
  (Session info: chrome=124.0.6367.119); For documentation on this error, please visit: https://www.selenium.dev/documentation/webdriver/troubleshooting/errors#no-such-element-exception
   at OpenQA.Selenium.WebDriver.UnpackAndThrowOnError(Response errorResponse, String commandToExecute)
   at OpenQA.Selenium.WebDriver.Execute(String driverCommandToExecute, Dictionary`2 parameters)
   at OpenQA.Selenium.WebDriver.FindElement(String mechanism, String value)
   at OpenQA.Selenium.By.<.ctor>b__11_0(ISearchContext context)
   at OpenQA.Selenium.By.FindElement(ISearchContext context)
   at OpenQA.Selenium.WebDriver.FindElement(By by)
   at TestAutomationSuite.Utility.ActionHelper.ActionClick(String searchBy, IWebDriver driver, String elementValue, String& exception) in C:\Users\sumit\OneDrive\Desktop\rpa\TestAuto\TestAutomationSuite\Utility\ActionHelper.cs:line 282
08-05-2024 12:39:06 Error in Action: OpenQA.Selenium.NoSuchElementException: no such element: Unable to locate element: {"method":"css selector","selector":"#QuoteKanban_CreateTask"}
  (Session info: chrome=124.0.6367.119); For documentation on this error, please visit: https://www.selenium.dev/documentation/webdriver/troubleshooting/errors#no-such-element-exception
   at OpenQA.Selenium.WebDriver.UnpackAndThrowOnError(Response errorResponse, String commandToExecute)
   at OpenQA.Selenium.WebDriver.Execute(String driverCommandToExecute, Dictionary`2 parameters)
   at OpenQA.Selenium.WebDriver.FindElement(String mechanism, String value)
   at OpenQA.Selenium.By.<.ctor>b__11_0(ISearchContext context)
   at OpenQA.Selenium.By.FindElement(ISearchContext context)
   at OpenQA.Selenium.WebDriver.FindElement(By by)
   at TestAutomationSuite.Utility.ActionHelper.ActionClick(String searchBy, IWebDriver driver, String elementValue, String& exception) in C:\Users\sumit\OneDrive\Desktop\rpa\TestAuto\TestAutomationSuite\Utility\ActionHelper.cs:line 282
08-05-2024 12:39:06*************** TEST FAILED ***************

08-05-2024 12:39:16 No .xlsx format input file is present in any of the input folders associated with projects present in Database
08-05-2024 12:39:26 No .xlsx format input file is present in any of the input folders associated with projects present in Database
08-05-2024 12:39:36 No .xlsx format input file is present in any of the input folders associated with projects present in Database
08-05-2024 12:39:46 No .xlsx format input file is present in any of the input folders associated with projects present in Database
08-05-2024 12:39:56 No .xlsx format input file is present in any of the input folders associated with projects present in Database
08-05-2024 12:40:06 No .xlsx format input file is present in any of the input folders associated with projects present in Database
08-05-2024 12:40:16 No .xlsx format input file is present in any of the input folders associated with projects present in Database
08-05-2024 12:40:26 No .xlsx format input file is present in any of the input folders associated with projects present in Database
08-05-2024 12:40:36 No .xlsx format input file is present in any of the input folders associated with projects present in Database
08-05-2024 12:40:46 No .xlsx format input file is present in any of the input folders associated with projects present in Database
08-05-2024 12:40:56 No .xlsx format input file is present in any of the input folders associated with projects present in Database
08-05-2024 12:41:06 No .xlsx format input file is present in any of the input folders associated with projects present in Database
08-05-2024 12:41:16 No .xlsx format input file is present in any of the input folders associated with projects present in Database
08-05-2024 12:41:26 No .xlsx format input file is present in any of the input folders associated with projects present in Database
08-05-2024 12:41:36 No .xlsx format input file is present in any of the input folders associated with projects present in Database
08-05-2024 12:41:46 No .xlsx format input file is present in any of the input folders associated with projects present in Database
08-05-2024 12:41:56 No .xlsx format input file is present in any of the input folders associated with projects present in Database
08-05-2024 12:42:06 No .xlsx format input file is present in any of the input folders associated with projects present in Database
08-05-2024 01:23:16DataBase Connection Established successfully
08-05-2024 01:23:16*** BOT IS ACTIVATED ***
08-05-2024 01:23:17 Started Processing... 
08-05-2024 01:23:17 picked up data file: PREPOD_Fire_Data.xlsx
08-05-2024 01:23:17 Picked up Action JSON of Project: FIRE
08-05-2024 01:23:18 Sheet name: TestData
08-05-2024 01:23:18 picked up row: 1
08-05-2024 01:23:18 Assigning Driver: Chrome Driver
08-05-2024 01:23:20Executing Action: 1 URL: Went to URL

08-05-2024 01:23:25Executing Action: 2 Select: User Type Selected

08-05-2024 01:23:27Executing Action: 3 Click: Dropdown button clicked

08-05-2024 01:23:29Executing Action: 4 Dropdown: User sub-type selected

08-05-2024 01:23:30Executing Action: 5 Text: User Id entered

08-05-2024 01:23:31Executing Action: 6 Text: Password Entered

08-05-2024 01:23:32Executing Action: 7 Click: Login Button Clicked

08-05-2024 01:23:34Executing Action: 8 Forceclick: Close button clicked

08-05-2024 01:23:50Executing Action: 9 Click: Create Quote Button Clicked

08-05-2024 01:24:06OpenQA.Selenium.NoSuchElementException: no such element: Unable to locate element: {"method":"css selector","selector":"#QuoteKanban_CreateTask"}
  (Session info: chrome=124.0.6367.119); For documentation on this error, please visit: https://www.selenium.dev/documentation/webdriver/troubleshooting/errors#no-such-element-exception
   at OpenQA.Selenium.WebDriver.UnpackAndThrowOnError(Response errorResponse, String commandToExecute)
   at OpenQA.Selenium.WebDriver.Execute(String driverCommandToExecute, Dictionary`2 parameters)
   at OpenQA.Selenium.WebDriver.FindElement(String mechanism, String value)
   at OpenQA.Selenium.By.<.ctor>b__11_0(ISearchContext context)
   at OpenQA.Selenium.By.FindElement(ISearchContext context)
   at OpenQA.Selenium.WebDriver.FindElement(By by)
   at TestAutomationSuite.Utility.ActionHelper.ActionClick(String searchBy, IWebDriver driver, String elementValue, String& exception) in C:\Users\sumit\OneDrive\Desktop\rpa\TestAuto\TestAutomationSuite\Utility\ActionHelper.cs:line 282
08-05-2024 01:24:09 Error in Action: OpenQA.Selenium.NoSuchElementException: no such element: Unable to locate element: {"method":"css selector","selector":"#QuoteKanban_CreateTask"}
  (Session info: chrome=124.0.6367.119); For documentation on this error, please visit: https://www.selenium.dev/documentation/webdriver/troubleshooting/errors#no-such-element-exception
   at OpenQA.Selenium.WebDriver.UnpackAndThrowOnError(Response errorResponse, String commandToExecute)
   at OpenQA.Selenium.WebDriver.Execute(String driverCommandToExecute, Dictionary`2 parameters)
   at OpenQA.Selenium.WebDriver.FindElement(String mechanism, String value)
   at OpenQA.Selenium.By.<.ctor>b__11_0(ISearchContext context)
   at OpenQA.Selenium.By.FindElement(ISearchContext context)
   at OpenQA.Selenium.WebDriver.FindElement(By by)
   at TestAutomationSuite.Utility.ActionHelper.ActionClick(String searchBy, IWebDriver driver, String elementValue, String& exception) in C:\Users\sumit\OneDrive\Desktop\rpa\TestAuto\TestAutomationSuite\Utility\ActionHelper.cs:line 282
08-05-2024 01:24:09*************** TEST FAILED ***************

08-05-2024 01:26:18DataBase Connection Established successfully
08-05-2024 01:26:18*** BOT IS ACTIVATED ***
08-05-2024 01:26:19 Started Processing... 
08-05-2024 01:26:19 picked up data file: PREPOD_Fire_Data.xlsx
08-05-2024 01:26:19 Picked up Action JSON of Project: FIRE
08-05-2024 01:26:20 Sheet name: TestData
08-05-2024 01:26:20 picked up row: 1
08-05-2024 01:26:20 Assigning Driver: Chrome Driver
08-05-2024 01:26:22Executing Action: 1 URL: Went to URL

08-05-2024 01:26:28Executing Action: 2 Select: User Type Selected

08-05-2024 01:26:29Executing Action: 3 Click: Dropdown button clicked

08-05-2024 01:26:31Executing Action: 4 Dropdown: User sub-type selected

08-05-2024 01:26:32Executing Action: 5 Text: User Id entered

08-05-2024 01:26:33Executing Action: 6 Text: Password Entered

08-05-2024 01:26:34Executing Action: 7 Click: Login Button Clicked

08-05-2024 01:26:36Executing Action: 8 Forceclick: Close button clicked

08-05-2024 01:26:49Executing Action: 9 Click: Create Quote Button Clicked

08-05-2024 01:27:04OpenQA.Selenium.NoSuchElementException: no such element: Unable to locate element: {"method":"css selector","selector":"#QuoteKanban_CreateTask"}
  (Session info: chrome=124.0.6367.119); For documentation on this error, please visit: https://www.selenium.dev/documentation/webdriver/troubleshooting/errors#no-such-element-exception
   at OpenQA.Selenium.WebDriver.UnpackAndThrowOnError(Response errorResponse, String commandToExecute)
   at OpenQA.Selenium.WebDriver.Execute(String driverCommandToExecute, Dictionary`2 parameters)
   at OpenQA.Selenium.WebDriver.FindElement(String mechanism, String value)
   at OpenQA.Selenium.By.<.ctor>b__11_0(ISearchContext context)
   at OpenQA.Selenium.By.FindElement(ISearchContext context)
   at OpenQA.Selenium.WebDriver.FindElement(By by)
   at TestAutomationSuite.Utility.ActionHelper.ActionClick(String searchBy, IWebDriver driver, String elementValue, String& exception) in C:\Users\sumit\OneDrive\Desktop\rpa\TestAuto\TestAutomationSuite\Utility\ActionHelper.cs:line 282
08-05-2024 01:27:08 Error in Action: OpenQA.Selenium.NoSuchElementException: no such element: Unable to locate element: {"method":"css selector","selector":"#QuoteKanban_CreateTask"}
  (Session info: chrome=124.0.6367.119); For documentation on this error, please visit: https://www.selenium.dev/documentation/webdriver/troubleshooting/errors#no-such-element-exception
   at OpenQA.Selenium.WebDriver.UnpackAndThrowOnError(Response errorResponse, String commandToExecute)
   at OpenQA.Selenium.WebDriver.Execute(String driverCommandToExecute, Dictionary`2 parameters)
   at OpenQA.Selenium.WebDriver.FindElement(String mechanism, String value)
   at OpenQA.Selenium.By.<.ctor>b__11_0(ISearchContext context)
   at OpenQA.Selenium.By.FindElement(ISearchContext context)
   at OpenQA.Selenium.WebDriver.FindElement(By by)
   at TestAutomationSuite.Utility.ActionHelper.ActionClick(String searchBy, IWebDriver driver, String elementValue, String& exception) in C:\Users\sumit\OneDrive\Desktop\rpa\TestAuto\TestAutomationSuite\Utility\ActionHelper.cs:line 282
08-05-2024 01:27:08*************** TEST FAILED ***************

08-05-2024 02:14:50DataBase Connection Established successfully
08-05-2024 02:14:50*** BOT IS ACTIVATED ***
08-05-2024 02:14:51 Started Processing... 
08-05-2024 02:14:51 picked up data file: PREPOD_Fire_Data.xlsx
08-05-2024 02:14:51 Picked up Action JSON of Project: FIRE
08-05-2024 02:14:52 Sheet name: TestData
08-05-2024 02:14:52 picked up row: 1
08-05-2024 02:14:52 Assigning Driver: Chrome Driver
08-05-2024 02:14:54Executing Action: 1 URL: Went to URL

08-05-2024 02:14:59Executing Action: 2 Select: User Type Selected

08-05-2024 02:15:01Executing Action: 3 Click: Dropdown button clicked

08-05-2024 02:15:03Executing Action: 4 Dropdown: User sub-type selected

08-05-2024 02:15:04Executing Action: 5 Text: User Id entered

08-05-2024 02:15:05Executing Action: 6 Text: Password Entered

08-05-2024 02:15:07Executing Action: 7 Click: Login Button Clicked

08-05-2024 02:15:09Executing Action: 8 Forceclick: Close button clicked

08-05-2024 02:15:11Executing Action: 9 Click: Create Quote Button Clicked

08-05-2024 02:15:14Executing Action: 10 Click: Sector dropdown clicked

08-05-2024 02:15:16Executing Action: 11 Dropdown: Sector Selected

08-05-2024 02:15:17Executing Action: 12 Click: Dropdown button clicked

08-05-2024 02:15:32OpenQA.Selenium.NoSuchElementException: no such element: Unable to locate element: {"method":"xpath","selector":"//body/app-root[1]/app-main[1]/div[1]/div[1]/div[1]/app-quote-create-page[1]/section[1]/div[1]/div[1]/div[2]/div[1]/form[1]/div[1]/div[2]/div[1]/div[1]/div[1]/p-autocomplete[1]/span[1]/button[1]/span[1]"}
  (Session info: chrome=124.0.6367.119); For documentation on this error, please visit: https://www.selenium.dev/documentation/webdriver/troubleshooting/errors#no-such-element-exception
   at OpenQA.Selenium.WebDriver.UnpackAndThrowOnError(Response errorResponse, String commandToExecute)
   at OpenQA.Selenium.WebDriver.Execute(String driverCommandToExecute, Dictionary`2 parameters)
   at OpenQA.Selenium.WebDriver.FindElement(String mechanism, String value)
   at OpenQA.Selenium.By.<.ctor>b__11_0(ISearchContext context)
   at OpenQA.Selenium.By.FindElement(ISearchContext context)
   at OpenQA.Selenium.WebDriver.FindElement(By by)
   at TestAutomationSuite.Utility.ActionHelper.ActionClick(String searchBy, IWebDriver driver, String elementValue, String& exception) in C:\Users\sumit\OneDrive\Desktop\rpa\TestAuto\TestAutomationSuite\Utility\ActionHelper.cs:line 282
08-05-2024 02:15:36 Error in Action: OpenQA.Selenium.NoSuchElementException: no such element: Unable to locate element: {"method":"xpath","selector":"//body/app-root[1]/app-main[1]/div[1]/div[1]/div[1]/app-quote-create-page[1]/section[1]/div[1]/div[1]/div[2]/div[1]/form[1]/div[1]/div[2]/div[1]/div[1]/div[1]/p-autocomplete[1]/span[1]/button[1]/span[1]"}
  (Session info: chrome=124.0.6367.119); For documentation on this error, please visit: https://www.selenium.dev/documentation/webdriver/troubleshooting/errors#no-such-element-exception
   at OpenQA.Selenium.WebDriver.UnpackAndThrowOnError(Response errorResponse, String commandToExecute)
   at OpenQA.Selenium.WebDriver.Execute(String driverCommandToExecute, Dictionary`2 parameters)
   at OpenQA.Selenium.WebDriver.FindElement(String mechanism, String value)
   at OpenQA.Selenium.By.<.ctor>b__11_0(ISearchContext context)
   at OpenQA.Selenium.By.FindElement(ISearchContext context)
   at OpenQA.Selenium.WebDriver.FindElement(By by)
   at TestAutomationSuite.Utility.ActionHelper.ActionClick(String searchBy, IWebDriver driver, String elementValue, String& exception) in C:\Users\sumit\OneDrive\Desktop\rpa\TestAuto\TestAutomationSuite\Utility\ActionHelper.cs:line 282
08-05-2024 02:15:36*************** TEST FAILED ***************

08-05-2024 02:15:46 No .xlsx format input file is present in any of the input folders associated with projects present in Database
08-05-2024 02:15:56 No .xlsx format input file is present in any of the input folders associated with projects present in Database
08-05-2024 02:16:06 No .xlsx format input file is present in any of the input folders associated with projects present in Database
08-05-2024 02:16:16 No .xlsx format input file is present in any of the input folders associated with projects present in Database
08-05-2024 02:16:26 No .xlsx format input file is present in any of the input folders associated with projects present in Database
08-05-2024 02:16:36 No .xlsx format input file is present in any of the input folders associated with projects present in Database
08-05-2024 02:16:46 No .xlsx format input file is present in any of the input folders associated with projects present in Database
08-05-2024 02:16:56 No .xlsx format input file is present in any of the input folders associated with projects present in Database
08-05-2024 02:17:06 No .xlsx format input file is present in any of the input folders associated with projects present in Database
08-05-2024 02:17:16 No .xlsx format input file is present in any of the input folders associated with projects present in Database
08-05-2024 02:17:26 No .xlsx format input file is present in any of the input folders associated with projects present in Database
08-05-2024 02:17:36 No .xlsx format input file is present in any of the input folders associated with projects present in Database
08-05-2024 02:17:46 No .xlsx format input file is present in any of the input folders associated with projects present in Database
08-05-2024 02:17:56 No .xlsx format input file is present in any of the input folders associated with projects present in Database
08-05-2024 02:18:06 No .xlsx format input file is present in any of the input folders associated with projects present in Database
08-05-2024 02:18:16 No .xlsx format input file is present in any of the input folders associated with projects present in Database
08-05-2024 02:18:26 Started Processing... 
08-05-2024 02:18:26 picked up data file: PREPOD_Fire_Data.xlsx
08-05-2024 02:18:26 Picked up Action JSON of Project: FIRE
08-05-2024 02:18:26 Sheet name: TestData
08-05-2024 02:18:26 picked up row: 1
08-05-2024 02:18:26 Assigning Driver: Chrome Driver
08-05-2024 02:18:27Executing Action: 1 URL: Went to URL

08-05-2024 02:18:33Executing Action: 2 Select: User Type Selected

08-05-2024 02:18:34Executing Action: 3 Click: Dropdown button clicked

08-05-2024 02:18:36Executing Action: 4 Dropdown: User sub-type selected

08-05-2024 02:18:37Executing Action: 5 Text: User Id entered

08-05-2024 02:18:38Executing Action: 6 Text: Password Entered

08-05-2024 02:18:39Executing Action: 7 Click: Login Button Clicked

08-05-2024 02:18:41Executing Action: 8 Forceclick: Close button clicked

08-05-2024 02:18:52Executing Action: 9 Click: Create Quote Button Clicked

08-05-2024 02:18:54OpenQA.Selenium.ElementClickInterceptedException: element click intercepted: Element <a _ngcontent-owo-c116="" pbutton="" id="Dashboard_AddQuote" class="p-element p-button-success p-blue-button p-button p-component" href="/backend/quotes/new">...</a> is not clickable at point (1453, 95). Other element would receive the click: <div _ngcontent-owo-c162="" class="ngx-spinner-overlay ng-tns-c162-2 ng-trigger ng-trigger-fadeIn ng-star-inserted" style="background-color: rgba(255, 255, 255, 0.7); z-index: 99999; position: fixed; opacity: 1;">...</div>
  (Session info: chrome=124.0.6367.119)
   at OpenQA.Selenium.WebDriver.UnpackAndThrowOnError(Response errorResponse, String commandToExecute)
   at OpenQA.Selenium.WebDriver.Execute(String driverCommandToExecute, Dictionary`2 parameters)
   at OpenQA.Selenium.WebDriver.InternalExecute(String driverCommandToExecute, Dictionary`2 parameters)
   at OpenQA.Selenium.WebElement.Execute(String commandToExecute, Dictionary`2 parameters)
   at OpenQA.Selenium.WebElement.Click()
   at TestAutomationSuite.Utility.ActionHelper.ActionClick(String searchBy, IWebDriver driver, String elementValue, String& exception) in C:\Users\sumit\OneDrive\Desktop\rpa\TestAuto\TestAutomationSuite\Utility\ActionHelper.cs:line 286
08-05-2024 02:18:57 Error in Action: OpenQA.Selenium.ElementClickInterceptedException: element click intercepted: Element <a _ngcontent-owo-c116="" pbutton="" id="Dashboard_AddQuote" class="p-element p-button-success p-blue-button p-button p-component" href="/backend/quotes/new">...</a> is not clickable at point (1453, 95). Other element would receive the click: <div _ngcontent-owo-c162="" class="ngx-spinner-overlay ng-tns-c162-2 ng-trigger ng-trigger-fadeIn ng-star-inserted" style="background-color: rgba(255, 255, 255, 0.7); z-index: 99999; position: fixed; opacity: 1;">...</div>
  (Session info: chrome=124.0.6367.119)
   at OpenQA.Selenium.WebDriver.UnpackAndThrowOnError(Response errorResponse, String commandToExecute)
   at OpenQA.Selenium.WebDriver.Execute(String driverCommandToExecute, Dictionary`2 parameters)
   at OpenQA.Selenium.WebDriver.InternalExecute(String driverCommandToExecute, Dictionary`2 parameters)
   at OpenQA.Selenium.WebElement.Execute(String commandToExecute, Dictionary`2 parameters)
   at OpenQA.Selenium.WebElement.Click()
   at TestAutomationSuite.Utility.ActionHelper.ActionClick(String searchBy, IWebDriver driver, String elementValue, String& exception) in C:\Users\sumit\OneDrive\Desktop\rpa\TestAuto\TestAutomationSuite\Utility\ActionHelper.cs:line 286
08-05-2024 02:18:57*************** TEST FAILED ***************

08-05-2024 02:19:06 No .xlsx format input file is present in any of the input folders associated with projects present in Database
08-05-2024 02:19:16 No .xlsx format input file is present in any of the input folders associated with projects present in Database
08-05-2024 02:20:04DataBase Connection Established successfully
08-05-2024 02:20:04*** BOT IS ACTIVATED ***
08-05-2024 02:20:05 Started Processing... 
08-05-2024 02:20:05 picked up data file: PREPOD_Fire_Data.xlsx
08-05-2024 02:20:05 Picked up Action JSON of Project: FIRE
08-05-2024 02:20:05 Sheet name: TestData
08-05-2024 02:20:05 picked up row: 1
08-05-2024 02:20:06 Assigning Driver: Chrome Driver
08-05-2024 02:20:07Executing Action: 1 URL: Went to URL

08-05-2024 02:20:12Executing Action: 2 Select: User Type Selected

08-05-2024 02:20:13Executing Action: 3 Click: Dropdown button clicked

08-05-2024 02:20:15Executing Action: 4 Dropdown: User sub-type selected

08-05-2024 02:20:16Executing Action: 5 Text: User Id entered

08-05-2024 02:20:18Executing Action: 6 Text: Password Entered

08-05-2024 02:20:19Executing Action: 7 Click: Login Button Clicked

08-05-2024 02:20:21Executing Action: 8 Forceclick: Close button clicked

08-05-2024 02:20:23Executing Action: 9 Click: Create Quote Button Clicked

08-05-2024 02:20:25Executing Action: 10 Click: Sector dropdown clicked

08-05-2024 02:20:28Executing Action: 11 Dropdown: Sector Selected

08-05-2024 02:20:29Executing Action: 12 Click: Dropdown button clicked

08-05-2024 02:20:31Executing Action: 13 Dropdown: Client Selected 

08-05-2024 02:20:32Executing Action: 14 Click: Dropdown button clicked

08-05-2024 02:20:34Executing Action: 15 Dropdown: Quote Type Selected

08-05-2024 02:20:35Executing Action: 16 Click: Create Quote Button Clicked

08-05-2024 02:20:37Executing Action: 17 Wait: Wait

08-05-2024 02:20:41Executing Action: 18 Select: Category selected

08-05-2024 02:20:42Executing Action: 19 Wait: Wait

08-05-2024 02:20:48Executing Action: 20 Select: Product Selected

08-05-2024 02:20:49Executing Action: 21 Wait: Wait

08-05-2024 02:20:53Executing Action: 22 SelectMultipleData: Risk Location Occupancies entered

08-05-2024 02:21:13OpenQA.Selenium.NoSuchElementException: no such element: Unable to locate element: {"method":"css selector","selector":"#CreateRiskLocation_ClientLocation"}
  (Session info: chrome=124.0.6367.119); For documentation on this error, please visit: https://www.selenium.dev/documentation/webdriver/troubleshooting/errors#no-such-element-exception
   at OpenQA.Selenium.WebDriver.UnpackAndThrowOnError(Response errorResponse, String commandToExecute)
   at OpenQA.Selenium.WebDriver.Execute(String driverCommandToExecute, Dictionary`2 parameters)
   at OpenQA.Selenium.WebDriver.FindElement(String mechanism, String value)
   at OpenQA.Selenium.By.<.ctor>b__11_0(ISearchContext context)
   at OpenQA.Selenium.By.FindElement(ISearchContext context)
   at OpenQA.Selenium.WebDriver.FindElement(By by)
   at TestAutomationSuite.Utility.ActionHelper.ProcessNamedLocations(String CreateButton, String locationsearchId, String occupancysearchId, String occupancyTypeId, String saveButton, String[] items, IWebDriver driver) in C:\Users\sumit\OneDrive\Desktop\rpa\TestAuto\TestAutomationSuite\Utility\ActionHelper.cs:line 982
   at TestAutomationSuite.Utility.ActionHelper.ActionSelectMultipleData(String pathValue, String namedLocation, IWebDriver driver, String& exception) in C:\Users\sumit\OneDrive\Desktop\rpa\TestAuto\TestAutomationSuite\Utility\ActionHelper.cs:line 956
08-05-2024 02:21:16 Error in Action: OpenQA.Selenium.NoSuchElementException: no such element: Unable to locate element: {"method":"css selector","selector":"#CreateRiskLocation_ClientLocation"}
  (Session info: chrome=124.0.6367.119); For documentation on this error, please visit: https://www.selenium.dev/documentation/webdriver/troubleshooting/errors#no-such-element-exception
   at OpenQA.Selenium.WebDriver.UnpackAndThrowOnError(Response errorResponse, String commandToExecute)
   at OpenQA.Selenium.WebDriver.Execute(String driverCommandToExecute, Dictionary`2 parameters)
   at OpenQA.Selenium.WebDriver.FindElement(String mechanism, String value)
   at OpenQA.Selenium.By.<.ctor>b__11_0(ISearchContext context)
   at OpenQA.Selenium.By.FindElement(ISearchContext context)
   at OpenQA.Selenium.WebDriver.FindElement(By by)
   at TestAutomationSuite.Utility.ActionHelper.ProcessNamedLocations(String CreateButton, String locationsearchId, String occupancysearchId, String occupancyTypeId, String saveButton, String[] items, IWebDriver driver) in C:\Users\sumit\OneDrive\Desktop\rpa\TestAuto\TestAutomationSuite\Utility\ActionHelper.cs:line 982
   at TestAutomationSuite.Utility.ActionHelper.ActionSelectMultipleData(String pathValue, String namedLocation, IWebDriver driver, String& exception) in C:\Users\sumit\OneDrive\Desktop\rpa\TestAuto\TestAutomationSuite\Utility\ActionHelper.cs:line 956
08-05-2024 02:21:16*************** TEST FAILED ***************

08-05-2024 02:21:26 No .xlsx format input file is present in any of the input folders associated with projects present in Database
08-05-2024 02:21:36 No .xlsx format input file is present in any of the input folders associated with projects present in Database
08-05-2024 02:21:46 No .xlsx format input file is present in any of the input folders associated with projects present in Database
08-05-2024 02:21:56 No .xlsx format input file is present in any of the input folders associated with projects present in Database
08-05-2024 02:22:06 No .xlsx format input file is present in any of the input folders associated with projects present in Database
08-05-2024 02:22:16 No .xlsx format input file is present in any of the input folders associated with projects present in Database
08-05-2024 02:22:26 No .xlsx format input file is present in any of the input folders associated with projects present in Database
08-05-2024 02:22:36 No .xlsx format input file is present in any of the input folders associated with projects present in Database
08-05-2024 02:22:46 No .xlsx format input file is present in any of the input folders associated with projects present in Database
08-05-2024 02:22:56 No .xlsx format input file is present in any of the input folders associated with projects present in Database
08-05-2024 02:23:06 No .xlsx format input file is present in any of the input folders associated with projects present in Database
08-05-2024 02:23:16 No .xlsx format input file is present in any of the input folders associated with projects present in Database
08-05-2024 02:23:28 No .xlsx format input file is present in any of the input folders associated with projects present in Database
08-05-2024 02:23:36 No .xlsx format input file is present in any of the input folders associated with projects present in Database
08-05-2024 02:23:46 No .xlsx format input file is present in any of the input folders associated with projects present in Database
08-05-2024 02:23:56 No .xlsx format input file is present in any of the input folders associated with projects present in Database
08-05-2024 02:24:06 No .xlsx format input file is present in any of the input folders associated with projects present in Database
08-05-2024 02:24:16 No .xlsx format input file is present in any of the input folders associated with projects present in Database
08-05-2024 02:24:26 No .xlsx format input file is present in any of the input folders associated with projects present in Database
08-05-2024 02:24:36 No .xlsx format input file is present in any of the input folders associated with projects present in Database
08-05-2024 02:24:46 No .xlsx format input file is present in any of the input folders associated with projects present in Database
08-05-2024 02:24:56 No .xlsx format input file is present in any of the input folders associated with projects present in Database
08-05-2024 02:25:06 No .xlsx format input file is present in any of the input folders associated with projects present in Database
08-05-2024 02:25:16 No .xlsx format input file is present in any of the input folders associated with projects present in Database
08-05-2024 02:25:26 No .xlsx format input file is present in any of the input folders associated with projects present in Database
08-05-2024 02:25:40 No .xlsx format input file is present in any of the input folders associated with projects present in Database
08-05-2024 02:25:46 No .xlsx format input file is present in any of the input folders associated with projects present in Database
08-05-2024 02:25:56 No .xlsx format input file is present in any of the input folders associated with projects present in Database
08-05-2024 02:26:06 No .xlsx format input file is present in any of the input folders associated with projects present in Database
